{"total": {"lines":{"total":579,"covered":529,"skipped":0,"pct":91.36},"statements":{"total":594,"covered":543,"skipped":0,"pct":91.41},"functions":{"total":112,"covered":92,"skipped":0,"pct":82.14},"branches":{"total":102,"covered":83,"skipped":0,"pct":81.37}}
,"/Users/admin/_git/shawshank-api/app.js": {"lines":{"total":10,"covered":10,"skipped":0,"pct":100},"functions":{"total":0,"covered":0,"skipped":0,"pct":100},"statements":{"total":10,"covered":10,"skipped":0,"pct":100},"branches":{"total":0,"covered":0,"skipped":0,"pct":100}}
,"/Users/admin/_git/shawshank-api/docs/index.js": {"lines":{"total":28,"covered":26,"skipped":0,"pct":92.86},"functions":{"total":8,"covered":8,"skipped":0,"pct":100},"statements":{"total":29,"covered":27,"skipped":0,"pct":93.1},"branches":{"total":4,"covered":3,"skipped":0,"pct":75}}
,"/Users/admin/_git/shawshank-api/docs/parseRoutes.js": {"lines":{"total":29,"covered":27,"skipped":0,"pct":93.1},"functions":{"total":11,"covered":11,"skipped":0,"pct":100},"statements":{"total":30,"covered":28,"skipped":0,"pct":93.33},"branches":{"total":2,"covered":1,"skipped":0,"pct":50}}
,"/Users/admin/_git/shawshank-api/docs/variables.js": {"lines":{"total":2,"covered":2,"skipped":0,"pct":100},"functions":{"total":0,"covered":0,"skipped":0,"pct":100},"statements":{"total":2,"covered":2,"skipped":0,"pct":100},"branches":{"total":0,"covered":0,"skipped":0,"pct":100}}
,"/Users/admin/_git/shawshank-api/lib/acl.js": {"lines":{"total":19,"covered":19,"skipped":0,"pct":100},"functions":{"total":2,"covered":2,"skipped":0,"pct":100},"statements":{"total":20,"covered":20,"skipped":0,"pct":100},"branches":{"total":16,"covered":12,"skipped":0,"pct":75}}
,"/Users/admin/_git/shawshank-api/lib/crypto.js": {"lines":{"total":3,"covered":3,"skipped":0,"pct":100},"functions":{"total":1,"covered":1,"skipped":0,"pct":100},"statements":{"total":3,"covered":3,"skipped":0,"pct":100},"branches":{"total":0,"covered":0,"skipped":0,"pct":100}}
,"/Users/admin/_git/shawshank-api/lib/errors.js": {"lines":{"total":1,"covered":1,"skipped":0,"pct":100},"functions":{"total":0,"covered":0,"skipped":0,"pct":100},"statements":{"total":1,"covered":1,"skipped":0,"pct":100},"branches":{"total":0,"covered":0,"skipped":0,"pct":100}}
,"/Users/admin/_git/shawshank-api/lib/middleware-ensure-login.js": {"lines":{"total":9,"covered":9,"skipped":0,"pct":100},"functions":{"total":3,"covered":3,"skipped":0,"pct":100},"statements":{"total":10,"covered":10,"skipped":0,"pct":100},"branches":{"total":4,"covered":4,"skipped":0,"pct":100}}
,"/Users/admin/_git/shawshank-api/lib/middleware-error-handler.js": {"lines":{"total":25,"covered":24,"skipped":0,"pct":96},"functions":{"total":2,"covered":2,"skipped":0,"pct":100},"statements":{"total":26,"covered":25,"skipped":0,"pct":96.15},"branches":{"total":10,"covered":9,"skipped":0,"pct":90}}
,"/Users/admin/_git/shawshank-api/lib/rbac.js": {"lines":{"total":6,"covered":6,"skipped":0,"pct":100},"functions":{"total":2,"covered":2,"skipped":0,"pct":100},"statements":{"total":7,"covered":7,"skipped":0,"pct":100},"branches":{"total":0,"covered":0,"skipped":0,"pct":100}}
,"/Users/admin/_git/shawshank-api/lib/validate.js": {"lines":{"total":6,"covered":6,"skipped":0,"pct":100},"functions":{"total":3,"covered":3,"skipped":0,"pct":100},"statements":{"total":8,"covered":7,"skipped":0,"pct":87.5},"branches":{"total":2,"covered":1,"skipped":0,"pct":50}}
,"/Users/admin/_git/shawshank-api/model/index.js": {"lines":{"total":31,"covered":19,"skipped":0,"pct":61.29},"functions":{"total":14,"covered":2,"skipped":0,"pct":14.29},"statements":{"total":31,"covered":19,"skipped":0,"pct":61.29},"branches":{"total":0,"covered":0,"skipped":0,"pct":100}}
,"/Users/admin/_git/shawshank-api/router/images.js": {"lines":{"total":37,"covered":36,"skipped":0,"pct":97.3},"functions":{"total":6,"covered":6,"skipped":0,"pct":100},"statements":{"total":37,"covered":36,"skipped":0,"pct":97.3},"branches":{"total":6,"covered":5,"skipped":0,"pct":83.33}}
,"/Users/admin/_git/shawshank-api/router/index.js": {"lines":{"total":20,"covered":20,"skipped":0,"pct":100},"functions":{"total":3,"covered":3,"skipped":0,"pct":100},"statements":{"total":20,"covered":20,"skipped":0,"pct":100},"branches":{"total":3,"covered":3,"skipped":0,"pct":100}}
,"/Users/admin/_git/shawshank-api/router/organizations.js": {"lines":{"total":37,"covered":37,"skipped":0,"pct":100},"functions":{"total":5,"covered":5,"skipped":0,"pct":100},"statements":{"total":37,"covered":37,"skipped":0,"pct":100},"branches":{"total":4,"covered":2,"skipped":0,"pct":50}}
,"/Users/admin/_git/shawshank-api/router/prescriptions.js": {"lines":{"total":26,"covered":22,"skipped":0,"pct":84.62},"functions":{"total":4,"covered":3,"skipped":0,"pct":75},"statements":{"total":26,"covered":22,"skipped":0,"pct":84.62},"branches":{"total":0,"covered":0,"skipped":0,"pct":100}}
,"/Users/admin/_git/shawshank-api/router/product_instances.js": {"lines":{"total":26,"covered":9,"skipped":0,"pct":34.62},"functions":{"total":4,"covered":0,"skipped":0,"pct":0},"statements":{"total":26,"covered":9,"skipped":0,"pct":34.62},"branches":{"total":0,"covered":0,"skipped":0,"pct":100}}
,"/Users/admin/_git/shawshank-api/router/products.js": {"lines":{"total":26,"covered":26,"skipped":0,"pct":100},"functions":{"total":4,"covered":4,"skipped":0,"pct":100},"statements":{"total":26,"covered":26,"skipped":0,"pct":100},"branches":{"total":0,"covered":0,"skipped":0,"pct":100}}
,"/Users/admin/_git/shawshank-api/router/purchase_orders.js": {"lines":{"total":17,"covered":16,"skipped":0,"pct":94.12},"functions":{"total":2,"covered":2,"skipped":0,"pct":100},"statements":{"total":17,"covered":16,"skipped":0,"pct":94.12},"branches":{"total":0,"covered":0,"skipped":0,"pct":100}}
,"/Users/admin/_git/shawshank-api/router/purchasers.js": {"lines":{"total":17,"covered":17,"skipped":0,"pct":100},"functions":{"total":2,"covered":2,"skipped":0,"pct":100},"statements":{"total":17,"covered":17,"skipped":0,"pct":100},"branches":{"total":4,"covered":4,"skipped":0,"pct":100}}
,"/Users/admin/_git/shawshank-api/router/suppliers.js": {"lines":{"total":17,"covered":17,"skipped":0,"pct":100},"functions":{"total":2,"covered":2,"skipped":0,"pct":100},"statements":{"total":17,"covered":17,"skipped":0,"pct":100},"branches":{"total":4,"covered":4,"skipped":0,"pct":100}}
,"/Users/admin/_git/shawshank-api/router/users.js": {"lines":{"total":57,"covered":56,"skipped":0,"pct":98.25},"functions":{"total":8,"covered":7,"skipped":0,"pct":87.5},"statements":{"total":57,"covered":56,"skipped":0,"pct":98.25},"branches":{"total":10,"covered":9,"skipped":0,"pct":90}}
,"/Users/admin/_git/shawshank-api/services/auth.js": {"lines":{"total":51,"covered":49,"skipped":0,"pct":96.08},"functions":{"total":14,"covered":14,"skipped":0,"pct":100},"statements":{"total":55,"covered":53,"skipped":0,"pct":96.36},"branches":{"total":18,"covered":14,"skipped":0,"pct":77.78}}
,"/Users/admin/_git/shawshank-api/services/db.js": {"lines":{"total":15,"covered":11,"skipped":0,"pct":73.33},"functions":{"total":2,"covered":1,"skipped":0,"pct":50},"statements":{"total":15,"covered":11,"skipped":0,"pct":73.33},"branches":{"total":2,"covered":1,"skipped":0,"pct":50}}
,"/Users/admin/_git/shawshank-api/services/oss.js": {"lines":{"total":13,"covered":12,"skipped":0,"pct":92.31},"functions":{"total":0,"covered":0,"skipped":0,"pct":100},"statements":{"total":13,"covered":12,"skipped":0,"pct":92.31},"branches":{"total":2,"covered":1,"skipped":0,"pct":50}}
,"/Users/admin/_git/shawshank-api/services/raven.js": {"lines":{"total":3,"covered":3,"skipped":0,"pct":100},"functions":{"total":0,"covered":0,"skipped":0,"pct":100},"statements":{"total":3,"covered":3,"skipped":0,"pct":100},"branches":{"total":0,"covered":0,"skipped":0,"pct":100}}
,"/Users/admin/_git/shawshank-api/services/redis-client.js": {"lines":{"total":11,"covered":9,"skipped":0,"pct":81.82},"functions":{"total":1,"covered":0,"skipped":0,"pct":0},"statements":{"total":11,"covered":9,"skipped":0,"pct":81.82},"branches":{"total":2,"covered":1,"skipped":0,"pct":50}}
,"/Users/admin/_git/shawshank-api/services/redlock.js": {"lines":{"total":12,"covered":12,"skipped":0,"pct":100},"functions":{"total":4,"covered":4,"skipped":0,"pct":100},"statements":{"total":14,"covered":14,"skipped":0,"pct":100},"branches":{"total":3,"covered":3,"skipped":0,"pct":100}}
,"/Users/admin/_git/shawshank-api/test/helpers/auth.js": {"lines":{"total":19,"covered":19,"skipped":0,"pct":100},"functions":{"total":3,"covered":3,"skipped":0,"pct":100},"statements":{"total":19,"covered":19,"skipped":0,"pct":100},"branches":{"total":6,"covered":6,"skipped":0,"pct":100}}
,"/Users/admin/_git/shawshank-api/test/helpers/util.js": {"lines":{"total":6,"covered":6,"skipped":0,"pct":100},"functions":{"total":2,"covered":2,"skipped":0,"pct":100},"statements":{"total":7,"covered":7,"skipped":0,"pct":100},"branches":{"total":0,"covered":0,"skipped":0,"pct":100}}
}
