TN:
SF:/Users/admin/_git/shawshank-api/app.js
FNF:0
FNH:0
DA:1,10
DA:6,10
DA:7,10
DA:8,10
DA:9,10
DA:14,10
DA:16,10
DA:17,10
DA:19,10
DA:34,10
LF:10
LH:10
BRF:0
BRH:0
end_of_record
TN:
SF:/Users/admin/_git/shawshank-api/docs/index.js
FN:12,loadYaml
FN:19,pathToObjPath
FN:23,loadDoc
FN:24,(anonymous_3)
FN:25,(anonymous_4)
FN:31,(anonymous_5)
FN:38,(anonymous_6)
FN:55,(anonymous_7)
FNF:8
FNH:8
FNDA:36,loadYaml
FNDA:34,pathToObjPath
FNDA:2,loadDoc
FNDA:2,(anonymous_3)
FNDA:2,(anonymous_4)
FNDA:36,(anonymous_5)
FNDA:34,(anonymous_6)
FNDA:3,(anonymous_7)
DA:1,11
DA:2,11
DA:3,11
DA:4,11
DA:5,11
DA:7,11
DA:8,11
DA:10,11
DA:13,36
DA:20,34
DA:24,2
DA:25,2
DA:26,2
DA:27,0
DA:31,36
DA:32,2
DA:34,2
DA:36,2
DA:39,34
DA:41,34
DA:46,2
DA:48,0
DA:55,11
DA:56,3
DA:57,1
DA:60,2
DA:61,2
DA:62,2
LF:28
LH:26
BRDA:26,0,0,0
BRDA:26,0,1,2
BRDA:56,1,0,1
BRDA:56,1,1,2
BRF:4
BRH:3
end_of_record
TN:
SF:/Users/admin/_git/shawshank-api/docs/parseRoutes.js
FN:13,loadComments
FN:20,loadRoutes
FN:21,(anonymous_2)
FN:25,(anonymous_3)
FN:33,(anonymous_4)
FN:36,(anonymous_5)
FN:37,(anonymous_6)
FN:38,(anonymous_7)
FN:42,(anonymous_8)
FN:43,(anonymous_9)
FN:46,(anonymous_10)
FNF:11
FNH:11
FNDA:20,loadComments
FNDA:2,loadRoutes
FNDA:2,(anonymous_2)
FNDA:2,(anonymous_3)
FNDA:20,(anonymous_4)
FNDA:100,(anonymous_5)
FNDA:62,(anonymous_6)
FNDA:56,(anonymous_7)
FNDA:56,(anonymous_8)
FNDA:56,(anonymous_9)
FNDA:56,(anonymous_10)
DA:1,11
DA:2,11
DA:3,11
DA:4,11
DA:5,11
DA:6,11
DA:8,11
DA:9,11
DA:11,11
DA:14,20
DA:18,11
DA:21,2
DA:22,2
DA:26,2
DA:27,0
DA:30,2
DA:31,2
DA:35,20
DA:36,100
DA:37,62
DA:39,56
DA:40,56
DA:42,56
DA:43,56
DA:46,56
DA:48,20
DA:53,2
DA:55,0
DA:62,11
LF:29
LH:27
BRDA:26,0,0,0
BRDA:26,0,1,2
BRF:2
BRH:1
end_of_record
TN:
SF:/Users/admin/_git/shawshank-api/docs/variables.js
FNF:0
FNH:0
DA:1,11
DA:3,11
LF:2
LH:2
BRF:0
BRH:0
end_of_record
TN:
SF:/Users/admin/_git/shawshank-api/lib/acl.js
FN:3,(anonymous_0)
FN:4,(anonymous_1)
FNF:2
FNH:2
FNDA:6,(anonymous_0)
FNDA:6,(anonymous_1)
DA:1,2
DA:3,6
DA:5,6
DA:6,6
DA:7,2
DA:10,4
DA:11,2
DA:12,2
DA:13,2
DA:16,2
DA:17,1
DA:22,3
DA:23,3
DA:24,3
DA:25,3
DA:28,3
DA:29,2
DA:34,1
DA:38,2
LF:19
LH:19
BRDA:5,0,0,0
BRDA:5,1,0,0
BRDA:6,2,0,2
BRDA:6,2,1,4
BRDA:12,3,0,2
BRDA:12,3,1,0
BRDA:12,4,0,2
BRDA:12,4,1,2
BRDA:16,5,0,1
BRDA:16,5,1,1
BRDA:24,6,0,3
BRDA:24,6,1,0
BRDA:24,7,0,3
BRDA:24,7,1,2
BRDA:28,8,0,2
BRDA:28,8,1,1
BRF:16
BRH:12
end_of_record
TN:
SF:/Users/admin/_git/shawshank-api/lib/crypto.js
FN:3,sha256
FNF:1
FNH:1
FNDA:31,sha256
DA:1,10
DA:4,31
DA:10,10
LF:3
LH:3
BRF:0
BRH:0
end_of_record
TN:
SF:/Users/admin/_git/shawshank-api/lib/errors.js
FNF:0
FNH:0
DA:10,10
LF:1
LH:1
BRF:0
BRH:0
end_of_record
TN:
SF:/Users/admin/_git/shawshank-api/lib/middleware-ensure-login.js
FN:13,(anonymous_0)
FN:13,ensureLogin
FN:14,(anonymous_2)
FNF:3
FNH:3
FNDA:13,(anonymous_0)
FNDA:49,ensureLogin
FNDA:30,(anonymous_2)
DA:13,13
DA:14,49
DA:15,30
DA:16,1
DA:19,29
DA:21,29
DA:22,1
DA:25,28
DA:28,49
LF:9
LH:9
BRDA:15,0,0,1
BRDA:15,0,1,29
BRDA:21,1,0,1
BRDA:21,1,1,28
BRF:4
BRH:4
end_of_record
TN:
SF:/Users/admin/_git/shawshank-api/lib/middleware-error-handler.js
FN:13,(anonymous_0)
FN:13,errorHandler
FNF:2
FNH:2
FNDA:14,(anonymous_0)
FNDA:50,errorHandler
DA:1,11
DA:2,11
DA:3,11
DA:4,11
DA:5,11
DA:13,14
DA:14,50
DA:15,50
DA:17,9
DA:18,1
DA:19,1
DA:24,1
DA:27,8
DA:28,1
DA:29,0
DA:31,1
DA:34,7
DA:36,7
DA:37,1
DA:40,6
DA:41,6
DA:43,6
DA:46,6
DA:47,5
DA:52,1
LF:25
LH:24
BRDA:17,0,0,1
BRDA:17,0,1,8
BRDA:27,1,0,1
BRDA:27,1,1,7
BRDA:28,2,0,0
BRDA:28,2,1,1
BRDA:36,3,0,1
BRDA:36,3,1,6
BRDA:46,4,0,5
BRDA:46,4,1,1
BRF:10
BRH:9
end_of_record
TN:
SF:/Users/admin/_git/shawshank-api/lib/rbac.js
FN:13,(anonymous_0)
FN:14,(anonymous_1)
FNF:2
FNH:2
FNDA:1,(anonymous_0)
FNDA:1,(anonymous_1)
DA:1,1
DA:2,1
DA:4,1
DA:13,1
DA:15,1
DA:19,1
LF:6
LH:6
BRF:0
BRH:0
end_of_record
TN:
SF:/Users/admin/_git/shawshank-api/lib/validate.js
FN:19,validate
FN:20,(anonymous_1)
FN:22,(anonymous_2)
FNF:3
FNH:3
FNDA:38,validate
FNDA:38,(anonymous_1)
FNDA:38,(anonymous_2)
DA:1,10
DA:3,10
DA:19,10
DA:20,38
DA:23,38
DA:25,38
LF:6
LH:6
BRDA:23,0,0,0
BRDA:23,0,1,38
BRF:2
BRH:1
end_of_record
TN:
SF:/Users/admin/_git/shawshank-api/model/index.js
FN:11,(anonymous_0)
FN:14,(anonymous_1)
FN:22,(anonymous_2)
FN:30,(anonymous_3)
FN:43,(anonymous_4)
FN:46,(anonymous_5)
FN:54,(anonymous_6)
FN:62,(anonymous_7)
FN:65,(anonymous_8)
FN:73,(anonymous_9)
FN:76,(anonymous_10)
FN:84,(anonymous_11)
FN:92,(anonymous_12)
FN:100,(anonymous_13)
FNF:14
FNH:2
FNDA:0,(anonymous_0)
FNDA:0,(anonymous_1)
FNDA:0,(anonymous_2)
FNDA:0,(anonymous_3)
FNDA:0,(anonymous_4)
FNDA:0,(anonymous_5)
FNDA:2,(anonymous_6)
FNDA:0,(anonymous_7)
FNDA:0,(anonymous_8)
FNDA:2,(anonymous_9)
FNDA:0,(anonymous_10)
FNDA:0,(anonymous_11)
FNDA:0,(anonymous_12)
FNDA:0,(anonymous_13)
DA:1,10
DA:3,10
DA:5,10
DA:6,10
DA:8,10
DA:12,0
DA:15,0
DA:19,10
DA:23,0
DA:27,10
DA:31,0
DA:35,10
DA:40,10
DA:44,0
DA:47,0
DA:51,10
DA:55,2
DA:59,10
DA:63,0
DA:66,0
DA:70,10
DA:74,2
DA:77,0
DA:81,10
DA:85,0
DA:89,10
DA:93,0
DA:97,10
DA:101,0
DA:105,10
DA:111,10
LF:31
LH:19
BRF:0
BRH:0
end_of_record
TN:
SF:/Users/admin/_git/shawshank-api/router/images.js
FN:45,(anonymous_0)
FN:59,uploadFile
FN:111,(anonymous_2)
FN:115,(anonymous_3)
FN:116,(anonymous_4)
FN:129,(anonymous_5)
FNF:6
FNH:6
FNDA:3,(anonymous_0)
FNDA:4,uploadFile
FNDA:1,(anonymous_2)
FNDA:1,(anonymous_3)
FNDA:1,(anonymous_4)
FNDA:1,(anonymous_5)
DA:1,10
DA:2,10
DA:3,10
DA:4,10
DA:5,10
DA:6,10
DA:8,10
DA:9,10
DA:11,10
DA:12,10
DA:13,10
DA:14,10
DA:15,10
DA:45,10
DA:46,3
DA:48,3
DA:54,3
DA:56,1
DA:60,4
DA:62,4
DA:63,2
DA:66,2
DA:70,2
DA:74,2
DA:111,10
DA:112,1
DA:114,1
DA:115,1
DA:116,1
DA:117,1
DA:118,0
DA:121,1
DA:128,1
DA:130,1
DA:131,1
DA:135,1
DA:138,10
LF:37
LH:36
BRDA:62,0,0,2
BRDA:62,0,1,2
BRDA:62,1,0,4
BRDA:62,1,1,3
BRDA:117,2,0,0
BRDA:117,2,1,1
BRF:6
BRH:5
end_of_record
TN:
SF:/Users/admin/_git/shawshank-api/router/index.js
FN:12,(anonymous_0)
FN:15,(anonymous_1)
FN:28,(anonymous_2)
FNF:3
FNH:3
FNDA:100,(anonymous_0)
FNDA:90,(anonymous_1)
FNDA:1,(anonymous_2)
DA:1,10
DA:2,10
DA:3,10
DA:4,10
DA:5,10
DA:6,10
DA:8,10
DA:10,10
DA:13,100
DA:16,90
DA:17,90
DA:19,90
DA:22,90
DA:23,90
DA:25,90
DA:28,10
DA:29,1
DA:31,1
DA:32,1
DA:35,10
LF:20
LH:20
BRDA:13,0,0,100
BRDA:13,0,1,100
BRDA:13,0,2,90
BRF:3
BRH:3
end_of_record
TN:
SF:/Users/admin/_git/shawshank-api/router/organizations.js
FN:25,(anonymous_0)
FN:76,(anonymous_1)
FN:132,(anonymous_2)
FN:175,(anonymous_3)
FN:251,(anonymous_4)
FNF:5
FNH:5
FNDA:1,(anonymous_0)
FNDA:1,(anonymous_1)
FNDA:1,(anonymous_2)
FNDA:1,(anonymous_3)
FNDA:1,(anonymous_4)
DA:1,10
DA:2,10
DA:3,10
DA:5,10
DA:25,10
DA:26,1
DA:28,1
DA:39,1
DA:44,1
DA:76,10
DA:77,1
DA:86,1
DA:95,1
DA:104,1
DA:132,10
DA:133,1
DA:135,1
DA:139,1
DA:141,1
DA:175,10
DA:176,1
DA:185,1
DA:194,1
DA:198,1
DA:200,1
DA:201,1
DA:209,1
DA:220,1
DA:251,10
DA:252,1
DA:254,1
DA:258,1
DA:260,1
DA:261,1
DA:268,1
DA:271,1
DA:276,10
LF:37
LH:37
BRDA:200,0,0,1
BRDA:200,0,1,0
BRDA:260,1,0,1
BRDA:260,1,1,0
BRF:4
BRH:2
end_of_record
TN:
SF:/Users/admin/_git/shawshank-api/router/prescriptions.js
FN:25,(anonymous_0)
FN:72,(anonymous_1)
FN:110,(anonymous_2)
FN:207,(anonymous_3)
FNF:4
FNH:3
FNDA:1,(anonymous_0)
FNDA:0,(anonymous_1)
FNDA:1,(anonymous_2)
FNDA:1,(anonymous_3)
DA:1,10
DA:2,10
DA:3,10
DA:5,10
DA:25,10
DA:26,1
DA:28,1
DA:39,1
DA:44,1
DA:72,10
DA:73,0
DA:75,0
DA:79,0
DA:81,0
DA:110,10
DA:111,1
DA:132,1
DA:154,1
DA:175,1
DA:207,10
DA:208,1
DA:229,1
DA:251,1
DA:255,1
DA:278,1
DA:282,10
LF:26
LH:22
BRF:0
BRH:0
end_of_record
TN:
SF:/Users/admin/_git/shawshank-api/router/product_instances.js
FN:25,(anonymous_0)
FN:72,(anonymous_1)
FN:102,(anonymous_2)
FN:145,(anonymous_3)
FNF:4
FNH:0
FNDA:0,(anonymous_0)
FNDA:0,(anonymous_1)
FNDA:0,(anonymous_2)
FNDA:0,(anonymous_3)
DA:1,10
DA:2,10
DA:3,10
DA:5,10
DA:25,10
DA:26,0
DA:28,0
DA:39,0
DA:44,0
DA:72,10
DA:73,0
DA:75,0
DA:79,0
DA:81,0
DA:102,10
DA:103,0
DA:109,0
DA:115,0
DA:121,0
DA:145,10
DA:146,0
DA:152,0
DA:158,0
DA:162,0
DA:170,0
DA:175,10
LF:26
LH:9
BRF:0
BRH:0
end_of_record
TN:
SF:/Users/admin/_git/shawshank-api/router/products.js
FN:25,(anonymous_0)
FN:72,(anonymous_1)
FN:102,(anonymous_2)
FN:157,(anonymous_3)
FNF:4
FNH:4
FNDA:1,(anonymous_0)
FNDA:1,(anonymous_1)
FNDA:1,(anonymous_2)
FNDA:1,(anonymous_3)
DA:1,10
DA:2,10
DA:3,10
DA:5,10
DA:25,10
DA:26,1
DA:28,1
DA:39,1
DA:44,1
DA:72,10
DA:73,1
DA:75,1
DA:79,1
DA:81,1
DA:102,10
DA:103,1
DA:113,1
DA:123,1
DA:133,1
DA:157,10
DA:158,1
DA:168,1
DA:178,1
DA:182,1
DA:194,1
DA:199,10
LF:26
LH:26
BRF:0
BRH:0
end_of_record
TN:
SF:/Users/admin/_git/shawshank-api/router/purchase_orders.js
FN:28,(anonymous_0)
FN:88,(anonymous_1)
FNF:2
FNH:2
FNDA:1,(anonymous_0)
FNDA:1,(anonymous_1)
DA:1,10
DA:2,10
DA:4,10
DA:5,10
DA:28,10
DA:29,1
DA:31,1
DA:33,1
DA:88,10
DA:89,1
DA:91,1
DA:97,1
DA:107,1
DA:108,1
DA:118,0
DA:121,1
DA:126,10
LF:17
LH:16
BRF:0
BRH:0
end_of_record
TN:
SF:/Users/admin/_git/shawshank-api/router/purchasers.js
FN:42,(anonymous_0)
FN:60,(anonymous_1)
FNF:2
FNH:2
FNDA:2,(anonymous_0)
FNDA:2,(anonymous_1)
DA:1,10
DA:2,10
DA:3,10
DA:5,10
DA:42,10
DA:43,2
DA:45,2
DA:58,2
DA:60,2
DA:61,2
DA:67,2
DA:68,1
DA:71,2
DA:72,1
DA:80,2
DA:86,2
DA:92,10
LF:17
LH:17
BRDA:67,0,0,1
BRDA:67,0,1,1
BRDA:71,1,0,1
BRDA:71,1,1,1
BRF:4
BRH:4
end_of_record
TN:
SF:/Users/admin/_git/shawshank-api/router/suppliers.js
FN:42,(anonymous_0)
FN:60,(anonymous_1)
FNF:2
FNH:2
FNDA:2,(anonymous_0)
FNDA:2,(anonymous_1)
DA:1,10
DA:2,10
DA:3,10
DA:5,10
DA:42,10
DA:43,2
DA:45,2
DA:58,2
DA:60,2
DA:61,2
DA:67,2
DA:68,1
DA:71,2
DA:72,1
DA:80,2
DA:86,2
DA:92,10
LF:17
LH:17
BRDA:67,0,0,1
BRDA:67,0,1,1
BRDA:71,1,0,1
BRDA:71,1,1,1
BRF:4
BRH:4
end_of_record
TN:
SF:/Users/admin/_git/shawshank-api/router/users.js
FN:67,(anonymous_0)
FN:141,(anonymous_1)
FN:151,(anonymous_2)
FN:212,(anonymous_3)
FN:252,(anonymous_4)
FN:288,(anonymous_5)
FN:314,(anonymous_6)
FN:331,login
FNF:8
FNH:7
FNDA:17,(anonymous_0)
FNDA:1,(anonymous_1)
FNDA:0,(anonymous_2)
FNDA:1,(anonymous_3)
FNDA:3,(anonymous_4)
FNDA:1,(anonymous_5)
FNDA:1,(anonymous_6)
FNDA:16,login
DA:1,10
DA:2,10
DA:3,10
DA:4,10
DA:5,10
DA:6,10
DA:8,10
DA:9,10
DA:11,10
DA:67,10
DA:73,17
DA:92,17
DA:93,17
DA:94,17
DA:95,17
DA:98,17
DA:107,16
DA:110,15
DA:117,15
DA:123,15
DA:127,1
DA:135,1
DA:141,1
DA:143,1
DA:145,1
DA:151,0
DA:153,1
DA:159,1
DA:212,10
DA:213,1
DA:215,1
DA:217,1
DA:252,10
DA:253,3
DA:254,3
DA:256,3
DA:257,1
DA:260,2
DA:262,2
DA:263,1
DA:266,1
DA:268,1
DA:288,10
DA:289,1
DA:291,1
DA:292,1
DA:294,1
DA:314,10
DA:315,1
DA:317,1
DA:319,1
DA:324,10
DA:332,16
DA:336,16
DA:337,1
DA:341,15
DA:345,15
LF:57
LH:56
BRDA:98,0,0,16
BRDA:98,0,1,1
BRDA:127,1,0,1
BRDA:127,1,1,0
BRDA:256,2,0,1
BRDA:256,2,1,2
BRDA:262,3,0,1
BRDA:262,3,1,1
BRDA:336,4,0,1
BRDA:336,4,1,15
BRF:10
BRH:9
end_of_record
TN:
SF:/Users/admin/_git/shawshank-api/services/auth.js
FN:17,cleanOutdateToken
FN:33,serializeUserId
FN:72,(anonymous_2)
FN:85,deserializeUserId
FN:121,getSessionByUserId
FN:126,(anonymous_5)
FN:134,(anonymous_6)
FN:134,(anonymous_7)
FN:136,(anonymous_8)
FN:139,getUserIdBySessionId
FN:148,blockSession
FN:156,unblockSession
FN:163,blockAllSessionByUserId
FN:166,(anonymous_13)
FNF:14
FNH:14
FNDA:18,cleanOutdateToken
FNDA:19,serializeUserId
FNDA:18,(anonymous_2)
FNDA:1563,deserializeUserId
FNDA:2,getSessionByUserId
FNDA:1528,(anonymous_5)
FNDA:1528,(anonymous_6)
FNDA:1499,(anonymous_7)
FNDA:1528,(anonymous_8)
FNDA:2,getUserIdBySessionId
FNDA:19,blockSession
FNDA:1,unblockSession
FNDA:1,blockAllSessionByUserId
FNDA:16,(anonymous_13)
DA:1,10
DA:2,10
DA:3,10
DA:4,10
DA:5,10
DA:9,10
DA:10,10
DA:11,0
DA:18,18
DA:34,19
DA:35,19
DA:36,19
DA:37,19
DA:39,19
DA:50,19
DA:61,19
DA:62,19
DA:63,19
DA:65,19
DA:72,19
DA:74,19
DA:87,1563
DA:88,1563
DA:90,1563
DA:91,1563
DA:95,106
DA:96,105
DA:99,1
DA:100,1
DA:103,0
DA:106,1457
DA:107,1395
DA:110,62
DA:111,34
DA:114,28
DA:122,2
DA:124,2
DA:127,1528
DA:129,1528
DA:132,2
DA:134,1528
DA:136,1528
DA:140,2
DA:141,2
DA:142,2
DA:149,19
DA:150,19
DA:157,1
DA:164,1
DA:166,16
DA:169,10
LF:51
LH:49
BRDA:10,0,0,0
BRDA:10,0,1,10
BRDA:33,1,0,0
BRDA:63,2,0,0
BRDA:63,2,1,19
BRDA:85,3,0,30
BRDA:87,4,0,1563
BRDA:87,4,1,30
BRDA:88,5,0,1563
BRDA:88,5,1,1562
BRDA:95,6,0,105
BRDA:95,6,1,1
BRDA:99,7,0,1
BRDA:99,7,1,0
BRDA:106,8,0,1395
BRDA:106,8,1,62
BRDA:110,9,0,34
BRDA:110,9,1,28
BRF:18
BRH:14
end_of_record
TN:
SF:/Users/admin/_git/shawshank-api/services/db.js
FN:33,(anonymous_0)
FN:34,(anonymous_1)
FNF:2
FNH:1
FNDA:8,(anonymous_0)
FNDA:0,(anonymous_1)
DA:1,10
DA:2,10
DA:3,10
DA:8,10
DA:10,10
DA:11,0
DA:14,10
DA:16,10
DA:28,10
DA:30,10
DA:33,8
DA:35,0
DA:36,0
DA:38,0
DA:41,10
LF:15
LH:11
BRDA:10,0,0,0
BRDA:10,0,1,10
BRF:2
BRH:1
end_of_record
TN:
SF:/Users/admin/_git/shawshank-api/services/oss.js
FNF:0
FNH:0
DA:1,10
DA:2,10
DA:4,10
DA:5,10
DA:7,10
DA:8,0
DA:11,10
DA:12,10
DA:13,10
DA:15,10
DA:22,10
DA:23,10
DA:25,10
LF:13
LH:12
BRDA:7,0,0,0
BRDA:7,0,1,10
BRF:2
BRH:1
end_of_record
TN:
SF:/Users/admin/_git/shawshank-api/services/raven.js
FNF:0
FNH:0
DA:1,11
DA:2,11
DA:6,11
LF:3
LH:3
BRF:0
BRH:0
end_of_record
TN:
SF:/Users/admin/_git/shawshank-api/services/redis-client.js
FN:17,(anonymous_0)
FNF:1
FNH:0
FNDA:0,(anonymous_0)
DA:1,11
DA:2,11
DA:7,11
DA:8,11
DA:9,0
DA:12,11
DA:13,11
DA:15,11
DA:17,11
DA:18,0
DA:21,11
LF:11
LH:9
BRDA:8,0,0,0
BRDA:8,0,1,11
BRF:2
BRH:1
end_of_record
TN:
SF:/Users/admin/_git/shawshank-api/services/redlock.js
FN:13,redlock
FN:19,unlock
FN:31,(anonymous_2)
FN:31,(anonymous_3)
FNF:4
FNH:4
FNDA:5,redlock
FNDA:2,unlock
FNDA:1,(anonymous_2)
FNDA:1,(anonymous_3)
DA:1,11
DA:2,11
DA:4,11
DA:14,5
DA:16,5
DA:17,5
DA:19,4
DA:20,2
DA:31,11
DA:32,1
DA:34,1
DA:37,11
LF:12
LH:12
BRDA:13,0,0,5
BRDA:17,1,0,1
BRDA:17,1,1,4
BRF:3
BRH:3
end_of_record
TN:
SF:/Users/admin/_git/shawshank-api/test/helpers/auth.js
FN:12,(anonymous_0)
FN:13,(anonymous_1)
FN:35,(anonymous_2)
FNF:3
FNH:3
FNDA:15,(anonymous_0)
FNDA:15,(anonymous_1)
FNDA:3,(anonymous_2)
DA:1,9
DA:2,9
DA:4,9
DA:5,9
DA:6,9
DA:7,9
DA:9,9
DA:10,9
DA:12,9
DA:13,15
DA:14,15
DA:16,15
DA:22,15
DA:30,15
DA:32,15
DA:35,9
DA:41,3
DA:43,3
DA:51,9
LF:19
LH:19
BRDA:37,0,0,2
BRDA:38,1,0,3
BRDA:39,2,0,3
BRDA:40,3,0,3
BRDA:41,4,0,3
BRDA:41,4,1,2
BRF:6
BRH:6
end_of_record
TN:
SF:/Users/admin/_git/shawshank-api/test/helpers/util.js
FN:4,(anonymous_0)
FN:9,(anonymous_1)
FNF:2
FNH:2
FNDA:2,(anonymous_0)
FNDA:10,(anonymous_1)
DA:1,7
DA:2,7
DA:4,7
DA:9,7
DA:10,10
DA:13,7
LF:6
LH:6
BRF:0
BRH:0
end_of_record
